2021-09-17 11:59:19.807363 (MainThread): Running with dbt=0.20.2
2021-09-17 11:59:22.562346 (MainThread): running dbt with arguments Namespace(record_timing_info=None, debug=False, log_format='default', write_json=True, use_colors=None, strict=False, warn_error=False, partial_parse=None, single_threaded=False, test_new_parser=False, use_experimental_parser=False, project_dir=None, profiles_dir='C:\\Users\\Niranjan\\.dbt', profile=None, target=None, vars='{}', log_cache_events=False, use_cache=True, fail_fast=False, threads=None, version_check=True, models=None, exclude=None, selector_name=None, state=None, defer=None, full_refresh=False, cls=<class 'dbt.task.run.RunTask'>, which='run', rpc_method='run')
2021-09-17 11:59:22.563345 (MainThread): Tracking: tracking
2021-09-17 11:59:22.563345 (MainThread): Sending event: {'category': 'dbt', 'action': 'invocation', 'label': 'start', 'context': [<snowplow_tracker.self_describing_json.SelfDescribingJson object at 0x0000000EE66A16A0>, <snowplow_tracker.self_describing_json.SelfDescribingJson object at 0x0000000EE7BDE850>, <snowplow_tracker.self_describing_json.SelfDescribingJson object at 0x0000000EE7BDEA00>]}
2021-09-17 11:59:22.576358 (MainThread): Partial parsing not enabled
2021-09-17 11:59:22.654988 (MainThread): Parsing macros\adapters.sql
2021-09-17 11:59:22.699065 (MainThread): Parsing macros\catalog.sql
2021-09-17 11:59:22.701066 (MainThread): Parsing macros\materializations\incremental.sql
2021-09-17 11:59:22.720085 (MainThread): Parsing macros\materializations\merge.sql
2021-09-17 11:59:22.723089 (MainThread): Parsing macros\materializations\table.sql
2021-09-17 11:59:22.727093 (MainThread): Parsing macros\materializations\view.sql
2021-09-17 11:59:22.729095 (MainThread): Parsing macros\core.sql
2021-09-17 11:59:22.734099 (MainThread): Parsing macros\adapters\common.sql
2021-09-17 11:59:22.792156 (MainThread): Parsing macros\etc\datetime.sql
2021-09-17 11:59:22.803167 (MainThread): Parsing macros\etc\get_custom_alias.sql
2021-09-17 11:59:22.804168 (MainThread): Parsing macros\etc\get_custom_database.sql
2021-09-17 11:59:22.805169 (MainThread): Parsing macros\etc\get_custom_schema.sql
2021-09-17 11:59:22.808172 (MainThread): Parsing macros\etc\is_incremental.sql
2021-09-17 11:59:22.810174 (MainThread): Parsing macros\etc\query.sql
2021-09-17 11:59:22.811174 (MainThread): Parsing macros\materializations\helpers.sql
2021-09-17 11:59:22.823186 (MainThread): Parsing macros\materializations\test.sql
2021-09-17 11:59:22.832195 (MainThread): Parsing macros\materializations\common\merge.sql
2021-09-17 11:59:22.849209 (MainThread): Parsing macros\materializations\incremental\helpers.sql
2021-09-17 11:59:22.852215 (MainThread): Parsing macros\materializations\incremental\incremental.sql
2021-09-17 11:59:22.861223 (MainThread): Parsing macros\materializations\seed\seed.sql
2021-09-17 11:59:22.887247 (MainThread): Parsing macros\materializations\snapshot\snapshot.sql
2021-09-17 11:59:22.925285 (MainThread): Parsing macros\materializations\snapshot\snapshot_merge.sql
2021-09-17 11:59:22.927288 (MainThread): Parsing macros\materializations\snapshot\strategies.sql
2021-09-17 11:59:22.949307 (MainThread): Parsing macros\materializations\table\table.sql
2021-09-17 11:59:22.958316 (MainThread): Parsing macros\materializations\view\create_or_replace_view.sql
2021-09-17 11:59:22.963321 (MainThread): Parsing macros\materializations\view\view.sql
2021-09-17 11:59:22.971329 (MainThread): Parsing macros\schema_tests\accepted_values.sql
2021-09-17 11:59:22.973331 (MainThread): Parsing macros\schema_tests\not_null.sql
2021-09-17 11:59:22.975333 (MainThread): Parsing macros\schema_tests\relationships.sql
2021-09-17 11:59:22.977334 (MainThread): Parsing macros\schema_tests\unique.sql
2021-09-17 11:59:23.204555 (MainThread): Acquiring new snowflake connection "model.demo_dbt.my_first_dbt_model".
2021-09-17 11:59:23.217569 (MainThread): Acquiring new snowflake connection "model.demo_dbt.my_second_dbt_model".
2021-09-17 11:59:23.255605 (MainThread): 'soft_unicode' has been renamed to 'soft_str'. The old name will be removed in MarkupSafe 2.1.
2021-09-17 11:59:23.258608 (MainThread): 'soft_unicode' has been renamed to 'soft_str'. The old name will be removed in MarkupSafe 2.1.
2021-09-17 11:59:23.260612 (MainThread): 'soft_unicode' has been renamed to 'soft_str'. The old name will be removed in MarkupSafe 2.1.
2021-09-17 11:59:23.263613 (MainThread): 'soft_unicode' has been renamed to 'soft_str'. The old name will be removed in MarkupSafe 2.1.
2021-09-17 11:59:23.279628 (MainThread): Sending event: {'category': 'dbt', 'action': 'load_project', 'label': 'c2903367-96a5-43f7-b3fa-a89b185e29d0', 'context': [<snowplow_tracker.self_describing_json.SelfDescribingJson object at 0x0000000EE7D260D0>]}
2021-09-17 11:59:23.327675 (MainThread): write_gpickle is deprecated and will be removed in 3.0.Use ``pickle.dump(G, path, protocol)``
2021-09-17 11:59:23.328676 (MainThread): Sending event: {'category': 'dbt', 'action': 'resource_counts', 'label': 'c2903367-96a5-43f7-b3fa-a89b185e29d0', 'context': [<snowplow_tracker.self_describing_json.SelfDescribingJson object at 0x0000000EE5124D60>]}
2021-09-17 11:59:23.328676 (MainThread): Found 2 models, 4 tests, 0 snapshots, 0 analyses, 151 macros, 0 operations, 0 seed files, 0 sources, 0 exposures
2021-09-17 11:59:23.329677 (MainThread): 
2021-09-17 11:59:23.329677 (MainThread): Acquiring new snowflake connection "master".
2021-09-17 11:59:23.330678 (ThreadPoolExecutor-0_0): Acquiring new snowflake connection "list_DEMO_DB".
2021-09-17 11:59:23.345694 (ThreadPoolExecutor-0_0): Using snowflake connection "list_DEMO_DB".
2021-09-17 11:59:23.345694 (ThreadPoolExecutor-0_0): On list_DEMO_DB: /* {"app": "dbt", "dbt_version": "0.20.2", "profile_name": "snowflake", "target_name": "dev", "connection_name": "list_DEMO_DB"} */

    show terse schemas in database DEMO_DB
    limit 10000
2021-09-17 11:59:23.346695 (ThreadPoolExecutor-0_0): Opening a new connection, currently in state init
2021-09-17 11:59:24.412072 (ThreadPoolExecutor-0_0): SQL status: SUCCESS 2 in 1.07 seconds
2021-09-17 11:59:24.422079 (ThreadPoolExecutor-0_0): On list_DEMO_DB: Close
2021-09-17 11:59:24.582370 (ThreadPoolExecutor-1_0): Acquiring new snowflake connection "list_DEMO_DB_PUBLIC".
2021-09-17 11:59:24.597386 (ThreadPoolExecutor-1_0): Using snowflake connection "list_DEMO_DB_PUBLIC".
2021-09-17 11:59:24.597386 (ThreadPoolExecutor-1_0): On list_DEMO_DB_PUBLIC: /* {"app": "dbt", "dbt_version": "0.20.2", "profile_name": "snowflake", "target_name": "dev", "connection_name": "list_DEMO_DB_PUBLIC"} */

    show terse objects in DEMO_DB.PUBLIC
2021-09-17 11:59:24.598387 (ThreadPoolExecutor-1_0): Opening a new connection, currently in state init
2021-09-17 11:59:25.165574 (ThreadPoolExecutor-1_0): SQL status: SUCCESS 0 in 0.57 seconds
2021-09-17 11:59:25.166574 (ThreadPoolExecutor-1_0): On list_DEMO_DB_PUBLIC: Close
2021-09-17 11:59:25.358431 (MainThread): Using snowflake connection "master".
2021-09-17 11:59:25.359430 (MainThread): On master: BEGIN
2021-09-17 11:59:25.359430 (MainThread): Opening a new connection, currently in state init
2021-09-17 11:59:25.963220 (MainThread): SQL status: SUCCESS 1 in 0.60 seconds
2021-09-17 11:59:25.963220 (MainThread): On master: COMMIT
2021-09-17 11:59:25.964220 (MainThread): Using snowflake connection "master".
2021-09-17 11:59:25.964220 (MainThread): On master: COMMIT
2021-09-17 11:59:26.146137 (MainThread): SQL status: SUCCESS 1 in 0.18 seconds
2021-09-17 11:59:26.147138 (MainThread): On master: Close
2021-09-17 11:59:26.299355 (MainThread): 17:29:26 | Concurrency: 1 threads (target='dev')
2021-09-17 11:59:26.299355 (MainThread): 17:29:26 | 
2021-09-17 11:59:26.303357 (Thread-1): Began running node model.demo_dbt.my_first_dbt_model
2021-09-17 11:59:26.304360 (Thread-1): 17:29:26 | 1 of 2 START table model PUBLIC.my_first_dbt_model................... [RUN]
2021-09-17 11:59:26.305361 (Thread-1): Acquiring new snowflake connection "model.demo_dbt.my_first_dbt_model".
2021-09-17 11:59:26.305361 (Thread-1): Compiling model.demo_dbt.my_first_dbt_model
2021-09-17 11:59:26.310366 (Thread-1): Writing injected SQL for node "model.demo_dbt.my_first_dbt_model"
2021-09-17 11:59:26.314368 (Thread-1): finished collecting timing info
2021-09-17 11:59:26.363415 (Thread-1): Writing runtime SQL for node "model.demo_dbt.my_first_dbt_model"
2021-09-17 11:59:26.377438 (Thread-1): Using snowflake connection "model.demo_dbt.my_first_dbt_model".
2021-09-17 11:59:26.377438 (Thread-1): On model.demo_dbt.my_first_dbt_model: BEGIN
2021-09-17 11:59:26.377438 (Thread-1): Opening a new connection, currently in state init
2021-09-17 11:59:27.209920 (Thread-1): SQL status: SUCCESS 1 in 0.83 seconds
2021-09-17 11:59:27.210921 (Thread-1): Using snowflake connection "model.demo_dbt.my_first_dbt_model".
2021-09-17 11:59:27.210921 (Thread-1): On model.demo_dbt.my_first_dbt_model: /* {"app": "dbt", "dbt_version": "0.20.2", "profile_name": "snowflake", "target_name": "dev", "node_id": "model.demo_dbt.my_first_dbt_model"} */


      create or replace transient table DEMO_DB.PUBLIC.my_first_dbt_model  as
      (/*
    Welcome to your first dbt model!
    Did you know that you can also configure models directly within SQL files?
    This will override configurations stated in dbt_project.yml

    Try changing "table" to "view" below
*/



with source_data as (

    select 1 as id
    union all
    select null as id

)

select *
from source_data

/*
    Uncomment the line below to remove records with null `id` values
*/

-- where id is not null
      );
2021-09-17 11:59:28.684677 (Thread-1): SQL status: SUCCESS 1 in 1.47 seconds
2021-09-17 11:59:28.686679 (Thread-1): On model.demo_dbt.my_first_dbt_model: COMMIT
2021-09-17 11:59:28.686679 (Thread-1): Using snowflake connection "model.demo_dbt.my_first_dbt_model".
2021-09-17 11:59:28.686679 (Thread-1): On model.demo_dbt.my_first_dbt_model: COMMIT
2021-09-17 11:59:28.784625 (Thread-1): SQL status: SUCCESS 1 in 0.10 seconds
2021-09-17 11:59:28.807642 (Thread-1): finished collecting timing info
2021-09-17 11:59:28.808643 (Thread-1): On model.demo_dbt.my_first_dbt_model: Close
2021-09-17 11:59:28.953784 (Thread-1): Sending event: {'category': 'dbt', 'action': 'run_model', 'label': 'c2903367-96a5-43f7-b3fa-a89b185e29d0', 'context': [<snowplow_tracker.self_describing_json.SelfDescribingJson object at 0x0000000EE8287FD0>]}
2021-09-17 11:59:28.953784 (Thread-1): 17:29:28 | 1 of 2 OK created table model PUBLIC.my_first_dbt_model.............. [SUCCESS 1 in 2.65s]
2021-09-17 11:59:28.954784 (Thread-1): Finished running node model.demo_dbt.my_first_dbt_model
2021-09-17 11:59:28.955786 (Thread-1): Began running node model.demo_dbt.my_second_dbt_model
2021-09-17 11:59:28.955786 (Thread-1): 17:29:28 | 2 of 2 START view model PUBLIC.my_second_dbt_model................... [RUN]
2021-09-17 11:59:28.956786 (Thread-1): Acquiring new snowflake connection "model.demo_dbt.my_second_dbt_model".
2021-09-17 11:59:28.956786 (Thread-1): Compiling model.demo_dbt.my_second_dbt_model
2021-09-17 11:59:28.958791 (Thread-1): Writing injected SQL for node "model.demo_dbt.my_second_dbt_model"
2021-09-17 11:59:28.959792 (Thread-1): finished collecting timing info
2021-09-17 11:59:28.980812 (Thread-1): Writing runtime SQL for node "model.demo_dbt.my_second_dbt_model"
2021-09-17 11:59:28.981811 (Thread-1): Using snowflake connection "model.demo_dbt.my_second_dbt_model".
2021-09-17 11:59:28.981811 (Thread-1): On model.demo_dbt.my_second_dbt_model: BEGIN
2021-09-17 11:59:28.981811 (Thread-1): Opening a new connection, currently in state closed
2021-09-17 11:59:29.863566 (Thread-1): SQL status: SUCCESS 1 in 0.88 seconds
2021-09-17 11:59:29.863566 (Thread-1): Using snowflake connection "model.demo_dbt.my_second_dbt_model".
2021-09-17 11:59:29.863566 (Thread-1): On model.demo_dbt.my_second_dbt_model: /* {"app": "dbt", "dbt_version": "0.20.2", "profile_name": "snowflake", "target_name": "dev", "node_id": "model.demo_dbt.my_second_dbt_model"} */

  create or replace  view DEMO_DB.PUBLIC.my_second_dbt_model  as (
    -- Use the `ref` function to select from other models

select *
from DEMO_DB.PUBLIC.my_first_dbt_model
where id = 1
  );
2021-09-17 11:59:30.751494 (Thread-1): SQL status: SUCCESS 1 in 0.89 seconds
2021-09-17 11:59:30.753495 (Thread-1): On model.demo_dbt.my_second_dbt_model: COMMIT
2021-09-17 11:59:30.754497 (Thread-1): Using snowflake connection "model.demo_dbt.my_second_dbt_model".
2021-09-17 11:59:30.754497 (Thread-1): On model.demo_dbt.my_second_dbt_model: COMMIT
2021-09-17 11:59:30.992810 (Thread-1): SQL status: SUCCESS 1 in 0.24 seconds
2021-09-17 11:59:30.993811 (Thread-1): finished collecting timing info
2021-09-17 11:59:30.994812 (Thread-1): On model.demo_dbt.my_second_dbt_model: Close
2021-09-17 11:59:31.509852 (Thread-1): Sending event: {'category': 'dbt', 'action': 'run_model', 'label': 'c2903367-96a5-43f7-b3fa-a89b185e29d0', 'context': [<snowplow_tracker.self_describing_json.SelfDescribingJson object at 0x0000000EE83517F0>]}
2021-09-17 11:59:31.510857 (Thread-1): 17:29:31 | 2 of 2 OK created view model PUBLIC.my_second_dbt_model.............. [SUCCESS 1 in 2.55s]
2021-09-17 11:59:31.511854 (Thread-1): Finished running node model.demo_dbt.my_second_dbt_model
2021-09-17 11:59:31.514858 (MainThread): Acquiring new snowflake connection "master".
2021-09-17 11:59:31.514858 (MainThread): Using snowflake connection "master".
2021-09-17 11:59:31.514858 (MainThread): On master: BEGIN
2021-09-17 11:59:31.514858 (MainThread): Opening a new connection, currently in state closed
2021-09-17 11:59:32.205850 (MainThread): SQL status: SUCCESS 1 in 0.69 seconds
2021-09-17 11:59:32.205850 (MainThread): On master: COMMIT
2021-09-17 11:59:32.205850 (MainThread): Using snowflake connection "master".
2021-09-17 11:59:32.206851 (MainThread): On master: COMMIT
2021-09-17 11:59:32.411483 (MainThread): SQL status: SUCCESS 1 in 0.20 seconds
2021-09-17 11:59:32.412485 (MainThread): On master: Close
2021-09-17 11:59:32.601522 (MainThread): 17:29:32 | 
2021-09-17 11:59:32.601522 (MainThread): 17:29:32 | Finished running 1 table model, 1 view model in 9.27s.
2021-09-17 11:59:32.602522 (MainThread): Connection 'master' was properly closed.
2021-09-17 11:59:32.602522 (MainThread): Connection 'list_DEMO_DB' was properly closed.
2021-09-17 11:59:32.603519 (MainThread): Connection 'list_DEMO_DB_PUBLIC' was properly closed.
2021-09-17 11:59:32.603519 (MainThread): Connection 'model.demo_dbt.my_second_dbt_model' was properly closed.
2021-09-17 11:59:32.613529 (MainThread): 
2021-09-17 11:59:32.613529 (MainThread): Completed successfully
2021-09-17 11:59:32.614534 (MainThread): 
Done. PASS=2 WARN=0 ERROR=0 SKIP=0 TOTAL=2
2021-09-17 11:59:32.615535 (MainThread): Sending event: {'category': 'dbt', 'action': 'invocation', 'label': 'end', 'context': [<snowplow_tracker.self_describing_json.SelfDescribingJson object at 0x0000000EE826B940>, <snowplow_tracker.self_describing_json.SelfDescribingJson object at 0x0000000EE5124910>, <snowplow_tracker.self_describing_json.SelfDescribingJson object at 0x0000000EE7B729D0>]}
2021-09-17 11:59:32.616532 (MainThread): Flushing usage events
